<?xml version="1.0" encoding="UTF-8"?>
<!-- Generated by org.testng.reporters.JUnitReportReporter -->
<testsuite hostname="AJAYs-MacBook-Air.local" failures="0" tests="1" name="Slenium.Java.ExcelReadWriteTest" time="42.932" errors="0" timestamp="2024-12-26T21:49:48 IST" skipped="0">
  <testcase classname="Slenium.Java.ExcelReadWriteTest" name="mainTest" time="42.932"/>
</testsuite> <!-- Slenium.Java.ExcelReadWriteTest -->
