<?xml version="1.0" encoding="UTF-8"?>
<!-- Generated by org.testng.reporters.JUnitReportReporter -->
<testsuite hostname="AJAYs-MacBook-Air.local" failures="0" tests="1" name="Slenium.Java.ScreenShots" time="34.227" errors="0" timestamp="2024-12-26T22:24:22 IST" skipped="0">
  <testcase classname="Slenium.Java.ScreenShots" name="mainTest" time="34.227"/>
</testsuite> <!-- Slenium.Java.ScreenShots -->
