<?xml version="1.0" encoding="UTF-8"?>
<!-- Generated by org.testng.reporters.JUnitReportReporter -->
<testsuite hostname="AJAYs-MacBook-Air.local" failures="0" tests="1" name="Slenium.Java.ExcelReadWrite" time="41.146" errors="0" timestamp="2024-12-25T00:14:31 IST" skipped="0">
  <testcase classname="Slenium.Java.ExcelReadWrite" name="mainTest" time="41.146"/>
</testsuite> <!-- Slenium.Java.ExcelReadWrite -->
